SonarQube plugins:
  - C# 5.10.1.1411 (csharp)
  - Python 1.7.0.1195 (python)
  - SonarJava 4.9.0.9858 (java)
  - Web 2.5.0.476 (web)
  - Flex 2.3 (flex)
  - Git 1.2 (scmgit)
  - SonarXML 1.4.2.885 (xml)
  - SonarPHP 2.10.0.2087 (php)
  - SVN 1.4.0.522 (scmsvn)
  - SonarJS 3.0.0.4962 (javascript)
  - SonarPLSQL 2.9.0.901 (plsql)
Global properties:
  - sonar.core.id=AVx7C0g8CgpxFcJhfnZO
  - sonar.core.startTime=2017-06-06T12:57:38+0900
  - sonar.web.file.suffixes=.html,.xhtml,.rhtml,.shtml,.jsp
Settings for module: Javascript:JsTest01
  - sonar.exclusions=plsql/*
  - sonar.jdbc.password=******
  - sonar.jdbc.url=jdbc:postgresql://localhost:5433/sonar
  - sonar.jdbc.username=sonar
  - sonar.language=js
  - sonar.projectBaseDir=H:\opengion_user\workVSCode\jstest\javascript
  - sonar.projectKey=Javascript:JsTest01
  - sonar.projectName=JsTest01
  - sonar.projectVersion=1.0
  - sonar.sourceEncoding=UTF-8
  - sonar.sources=.
  - sonar.working.directory=H:\opengion_user\workVSCode\jstest\javascript\.scannerwork
